Version 0.1:
Included working implementations of:
  - dfloatN_add()
  - dfloatN_sub()
  - dfloatN_mul()
  - dfloatN_div()
  - dfloatN_cpy()
  - dfloatM_castN()
  - dfloatN_atof()
  - dfloatN_ftoa()

Version 0.1.1:
Added dfloatN_cmp() functions.

Version 0.1.2:
Modified dfloatN_cmp() to free an unfreed malloc().
Modified dfloatN_ftoa() to eliminate a possible log10( 0 ).
Added documentation.

Version 0.1.2.1:
Updated Markdown files

Version 0.2:
Added module dfloat_free.c
Added protypes for dfloat_free functions
